Arguments: 
  C:\Program Files\nodejs\node.exe C:\Users\elois\AppData\Roaming\npm\node_modules\yarn\bin\yarn.js remove phaser3-transitions

PATH: 
  C:\Users\elois\bin;C:\Program Files\Git\mingw64\bin;C:\Program Files\Git\usr\local\bin;C:\Program Files\Git\usr\bin;C:\Program Files\Git\usr\bin;C:\Program Files\Git\mingw64\bin;C:\Program Files\Git\usr\bin;C:\Users\elois\bin;C:\Program Files\Python310\Scripts;C:\Program Files\Python310;C:\Python39\Scripts;C:\Python39;C:\Python38\Scripts;C:\Python38;C:\Program Files (x86)\Common Files\Intel\Shared Libraries\redist\intel64\compiler;C:\Program Files (x86)\Razer Chroma SDK\bin;C:\Program Files\Razer Chroma SDK\bin;C:\Windows\system32;C:\Windows;C:\Windows\System32\Wbem;C:\Windows\System32\WindowsPowerShell\v1.0;C:\Users\elois\AppData\Local\Microsoft\WindowsApps;C:\WINDOWS\system32;C:\WINDOWS;C:\WINDOWS\System32\Wbem;C:\WINDOWS\System32\WindowsPowerShell\v1.0;C:\WINDOWS\System32\OpenSSH;C:\Program Files\dotnet;C:\WINDOWS\system32;C:\WINDOWS;C:\WINDOWS\System32\Wbem;C:\WINDOWS\System32\WindowsPowerShell\v1.0;C:\WINDOWS\System32\OpenSSH;C:\Program Files\Git\cmd;C:\ProgramData\chocolatey\bin;C:\Program Files\netcat;C:\Program Files\Java\jdk-14.0.1\bin;C:\Program Files (x86)\apache-maven-3.6.3-bin(1)\apache-maven-3.6.3\bin;C:\Program Files\nodejs;C:\Program Files\TortoiseSVN\bin;C:\Users\elois\flutter\bin;C:\Program Files (x86)\NVIDIA Corporation\PhysX\Common;C:\Program Files\NVIDIA Corporation\NVIDIA NvDLISR;C:\Users\elois\Downloads\chromedriver_win32 (1);C:\Program Files\CMake\bin;C:\Users\elois\AppData\Local\Microsoft\WindowsApps;C:\Users\elois\AppData\Local\Programs\Microsoft VS Code\bin;C:\Program Files\JetBrains\IntelliJ IDEA Community Edition 2019.1.2\bin;C:\Users\elois\AppData\Local\atom\bin;C:\Users\elois\AppData\Local\Microsoft\WindowsApps;C:\Users\elois\AppData\Roaming\npm;C:\Program Files\JetBrains\CLion 2020.2.4\bin;C:\Users\elois\Downloads\use-6.0.0\use-6.0.0\bin;C:\Users\elois\AppData\Local\GitHubDesktop\bin;C:\Users\elois\AppData\Roaming\cabal\bin;C:\tools\ghc-9.0.1\bin;C:\tools\msys64;C:\Program Files\swipl\bin;C:\Program Files\JetBrains\PyCharm 2021.1.1\bin;C:\Users\elois\AppData\Local\JetBrains\Toolbox\scripts;C:\Program Files\CMake\bin;C:\Program Files\Git\usr\bin\vendor_perl;C:\Program Files\Git\usr\bin\core_perl

Yarn version: 
  1.22.19

Node version: 
  15.1.0

Platform: 
  win32 x64

Trace: 
  Error: EPERM: operation not permitted, unlink 'H:\Bachelorarbeit_RBisimulation\ReactiveBisimilarityGame\node_modules\esbuild-windows-64\esbuild.exe'

npm manifest: 
  {
    "name": "phaser3-rollup-typescript",
    "version": "1.1.0",
    "description": "Reactive Bisimilarity Game",
    "main": "dist/index.js",
    "scripts": {
      "dev": "vite",
      "build": "vite build",
      "serve": "vite preview"
    },
    "repository": {
      "type": "git",
      "url": "git+https://github.com/geocine/phaser3-rollup-typescript.git"
    },
    "author": "Aivan Monceller",
    "license": "MIT",
    "bugs": {
      "url": "https://github.com/geocine/phaser3-rollup-typescript/issues"
    },
    "homepage": "https://github.com/geocine/phaser3-rollup-typescript#readme",
    "devDependencies": {
      "@rollup/plugin-alias": "^3.1.9",
      "@rollup/plugin-commonjs": "^22.0.0",
      "@rollup/plugin-replace": "^4.0.0",
      "@types/node": "^17.0.31",
      "phaser": "^3.55.2",
      "typescript": "^4.6.4",
      "vite": "^2.9.8"
    },
    "dependencies": {
      "phaser3-rex-plugins": "^1.1.72"
    }
  }

yarn manifest: 
  No manifest

Lockfile: 
  # THIS IS AN AUTOGENERATED FILE. DO NOT EDIT THIS FILE DIRECTLY.
  # yarn lockfile v1
  
  
  "@rollup/plugin-alias@^3.1.9":
    "version" "3.1.9"
    dependencies:
      "slash" "^3.0.0"
  
  "@rollup/plugin-commonjs@^22.0.0":
    "version" "22.0.0"
    dependencies:
      "@rollup/pluginutils" "^3.1.0"
      "commondir" "^1.0.1"
      "estree-walker" "^2.0.1"
      "glob" "^7.1.6"
      "is-reference" "^1.2.1"
      "magic-string" "^0.25.7"
      "resolve" "^1.17.0"
  
  "@rollup/plugin-replace@^4.0.0":
    "version" "4.0.0"
    dependencies:
      "@rollup/pluginutils" "^3.1.0"
      "magic-string" "^0.25.7"
  
  "@rollup/pluginutils@^3.1.0":
    "version" "3.1.0"
    dependencies:
      "@types/estree" "0.0.39"
      "estree-walker" "^1.0.1"
      "picomatch" "^2.2.2"
  
  "@types/estree@*":
    "version" "0.0.46"
  
  "@types/estree@0.0.39":
    "version" "0.0.39"
  
  "@types/node@^17.0.31":
    "version" "17.0.31"
  
  "argparse@^2.0.1":
    "version" "2.0.1"
  
  "balanced-match@^1.0.0":
    "version" "1.0.0"
  
  "brace-expansion@^1.1.7":
    "version" "1.1.11"
    dependencies:
      "balanced-match" "^1.0.0"
      "concat-map" "0.0.1"
  
  "commondir@^1.0.1":
    "version" "1.0.1"
  
  "concat-map@0.0.1":
    "version" "0.0.1"
  
  "esbuild-windows-64@0.14.38":
    "version" "0.14.38"
  
  "esbuild@^0.14.27":
    "version" "0.14.38"
    dependencies:
      "esbuild-android-64" "0.14.38"
      "esbuild-android-arm64" "0.14.38"
      "esbuild-darwin-64" "0.14.38"
      "esbuild-darwin-arm64" "0.14.38"
      "esbuild-freebsd-64" "0.14.38"
      "esbuild-freebsd-arm64" "0.14.38"
      "esbuild-linux-32" "0.14.38"
      "esbuild-linux-64" "0.14.38"
      "esbuild-linux-arm" "0.14.38"
      "esbuild-linux-arm64" "0.14.38"
      "esbuild-linux-mips64le" "0.14.38"
      "esbuild-linux-ppc64le" "0.14.38"
      "esbuild-linux-riscv64" "0.14.38"
      "esbuild-linux-s390x" "0.14.38"
      "esbuild-netbsd-64" "0.14.38"
      "esbuild-openbsd-64" "0.14.38"
      "esbuild-sunos-64" "0.14.38"
      "esbuild-windows-32" "0.14.38"
      "esbuild-windows-64" "0.14.38"
      "esbuild-windows-arm64" "0.14.38"
    optionalDependencies:
      "esbuild-android-64" "0.14.38"
      "esbuild-android-arm64" "0.14.38"
      "esbuild-darwin-64" "0.14.38"
      "esbuild-darwin-arm64" "0.14.38"
      "esbuild-freebsd-64" "0.14.38"
      "esbuild-freebsd-arm64" "0.14.38"
      "esbuild-linux-32" "0.14.38"
      "esbuild-linux-64" "0.14.38"
      "esbuild-linux-arm" "0.14.38"
      "esbuild-linux-arm64" "0.14.38"
      "esbuild-linux-mips64le" "0.14.38"
      "esbuild-linux-ppc64le" "0.14.38"
      "esbuild-linux-riscv64" "0.14.38"
      "esbuild-linux-s390x" "0.14.38"
      "esbuild-netbsd-64" "0.14.38"
      "esbuild-openbsd-64" "0.14.38"
      "esbuild-sunos-64" "0.14.38"
      "esbuild-windows-32" "0.14.38"
      "esbuild-windows-64" "0.14.38"
      "esbuild-windows-arm64" "0.14.38"
  
  "estree-walker@^1.0.1":
    "version" "1.0.1"
  
  "estree-walker@^2.0.1":
    "version" "2.0.2"
  
  "eventemitter3@^3.1.2":
    "version" "3.1.2"
  
  "eventemitter3@^4.0.7":
    "version" "4.0.7"
  
  "fs.realpath@^1.0.0":
    "version" "1.0.0"
  
  "function-bind@^1.1.1":
    "version" "1.1.1"
  
  "glob@^7.1.6":
    "version" "7.1.6"
    dependencies:
      "fs.realpath" "^1.0.0"
      "inflight" "^1.0.4"
      "inherits" "2"
      "minimatch" "^3.0.4"
      "once" "^1.3.0"
      "path-is-absolute" "^1.0.0"
  
  "handlebars@^4.7.7":
    "version" "4.7.7"
    dependencies:
      "minimist" "^1.2.5"
      "neo-async" "^2.6.0"
      "source-map" "^0.6.1"
      "uglify-js" "^3.1.4"
      "wordwrap" "^1.0.0"
    optionalDependencies:
      "uglify-js" "^3.1.4"
  
  "has@^1.0.3":
    "version" "1.0.3"
    dependencies:
      "function-bind" "^1.1.1"
  
  "inflight@^1.0.4":
    "version" "1.0.6"
    dependencies:
      "once" "^1.3.0"
      "wrappy" "1"
  
  "inherits@2.0.3":
    "version" "2.0.3"
  
  "inherits@2":
    "version" "2.0.4"
  
  "is-core-module@^2.2.0":
    "version" "2.2.0"
    dependencies:
      "has" "^1.0.3"
  
  "is-core-module@^2.8.1":
    "version" "2.9.0"
    dependencies:
      "has" "^1.0.3"
  
  "is-reference@^1.2.1":
    "version" "1.2.1"
    dependencies:
      "@types/estree" "*"
  
  "js-yaml@^4.1.0":
    "version" "4.1.0"
    dependencies:
      "argparse" "^2.0.1"
  
  "magic-string@^0.25.7":
    "version" "0.25.7"
    dependencies:
      "sourcemap-codec" "^1.4.4"
  
  "minimatch@^3.0.4":
    "version" "3.0.4"
    dependencies:
      "brace-expansion" "^1.1.7"
  
  "minimist@^1.2.5":
    "version" "1.2.6"
  
  "nanoid@^3.3.3":
    "version" "3.3.4"
  
  "neo-async@^2.6.0":
    "version" "2.6.2"
  
  "once@^1.3.0":
    "version" "1.4.0"
    dependencies:
      "wrappy" "1"
  
  "papaparse@^5.3.2":
    "version" "5.3.2"
  
  "path-is-absolute@^1.0.0":
    "version" "1.0.1"
  
  "path-parse@^1.0.6", "path-parse@^1.0.7":
    "version" "1.0.7"
  
  "path@^0.12.7":
    "version" "0.12.7"
    dependencies:
      "process" "^0.11.1"
      "util" "^0.10.3"
  
  "phaser@^3.11.0", "phaser@^3.55.2":
    "version" "3.55.2"
    dependencies:
      "eventemitter3" "^4.0.7"
      "path" "^0.12.7"
  
  "phaser3-rex-plugins@^1.1.72":
    "version" "1.1.72"
    dependencies:
      "eventemitter3" "^3.1.2"
      "handlebars" "^4.7.7"
      "js-yaml" "^4.1.0"
      "papaparse" "^5.3.2"
      "webfontloader" "^1.6.28"
  
  "phaser3-transitions@^1.0.1":
    "integrity" "sha512-jVJhOykb/1oP9c0xS7DA7lX36CwKkZ89f5K6h2VycK0Jz04sxSRisB8x2ZH74IGNWAsdSN7ka+SwXvc589s8Sw=="
    "resolved" "https://registry.npmjs.org/phaser3-transitions/-/phaser3-transitions-1.0.1.tgz"
    "version" "1.0.1"
  
  "picocolors@^1.0.0":
    "version" "1.0.0"
  
  "picomatch@^2.2.2":
    "version" "2.2.2"
  
  "postcss@^8.4.13":
    "version" "8.4.13"
    dependencies:
      "nanoid" "^3.3.3"
      "picocolors" "^1.0.0"
      "source-map-js" "^1.0.2"
  
  "process@^0.11.1":
    "version" "0.11.10"
  
  "resolve@^1.17.0":
    "version" "1.20.0"
    dependencies:
      "is-core-module" "^2.2.0"
      "path-parse" "^1.0.6"
  
  "resolve@^1.22.0":
    "version" "1.22.0"
    dependencies:
      "is-core-module" "^2.8.1"
      "path-parse" "^1.0.7"
      "supports-preserve-symlinks-flag" "^1.0.0"
  
  "rollup@^1.20.0 || ^2.0.0", "rollup@^1.20.0||^2.0.0", "rollup@^2.59.0", "rollup@^2.68.0":
    "version" "2.64.0"
    dependencies:
      "fsevents" "~2.3.2"
    optionalDependencies:
      "fsevents" "~2.3.2"
  
  "slash@^3.0.0":
    "version" "3.0.0"
  
  "source-map-js@^1.0.2":
    "version" "1.0.2"
  
  "source-map@^0.6.1":
    "version" "0.6.1"
  
  "sourcemap-codec@^1.4.4":
    "version" "1.4.8"
  
  "supports-preserve-symlinks-flag@^1.0.0":
    "version" "1.0.0"
  
  "typescript@^4.6.4":
    "version" "4.6.4"
  
  "uglify-js@^3.1.4":
    "version" "3.16.3"
  
  "util@^0.10.3":
    "version" "0.10.4"
    dependencies:
      "inherits" "2.0.3"
  
  "vite@^2.9.8":
    "version" "2.9.8"
    dependencies:
      "esbuild" "^0.14.27"
      "fsevents" "~2.3.2"
      "postcss" "^8.4.13"
      "resolve" "^1.22.0"
      "rollup" "^2.59.0"
    optionalDependencies:
      "fsevents" "~2.3.2"
  
  "webfontloader@^1.6.28":
    "version" "1.6.28"
  
  "wordwrap@^1.0.0":
    "version" "1.0.0"
  
  "wrappy@1":
    "version" "1.0.2"
